<?xml version="1.0" encoding="UTF-8"?>
<testsuite xmlns:xsi="http://www.w3.org/2001/XMLSchema-instance" xsi:noNamespaceSchemaLocation="https://maven.apache.org/surefire/maven-surefire-plugin/xsd/surefire-test-report-3.0.xsd" version="3.0" name="com.sohel.demo.DemoCalculatorTest" time="0.117" tests="4" errors="0" skipped="0" failures="0">
  <properties>
[...]
</properties>
  <testcase name="testAddition" classname="com.sohel.demo.DemoCalculatorTest" time="0.005"/>
  <testcase name="testAddition1" classname="com.sohel.demo.DemoCalculatorTest" time="0.0"/>
  <testcase name="testAddition2" classname="com.sohel.demo.DemoCalculatorTest" time="0.0"/>
  <testcase name="testAddition3" classname="com.sohel.demo.DemoCalculatorTest" time="0.0"/>
</testsuite>